2023-09-25 09:43:45,601 - mmdet3d - INFO - Config:
seed = 0
deterministic = False
checkpoint_config = dict(interval=1, max_keep_ckpts=1)
log_config = dict(
    interval=50,
    hooks=[dict(type='TextLoggerHook'),
           dict(type='TensorboardLoggerHook')])
load_from = None
resume_from = None
cudnn_benchmark = False
fp16 = dict(loss_scale=dict(growth_interval=2000))
max_epochs = 2
runner = dict(type='CustomEpochBasedRunner', max_epochs=2)
dataset_type = 'NuScenesDataset'
dataset_root = 'data/nuscenes/'
gt_paste_stop_epoch = -1
reduce_beams = 32
load_dim = 5
use_dim = 5
load_augmented = None
point_cloud_range = [-51.2, -51.2, -5.0, 51.2, 51.2, 3.0]
voxel_size = [0.1, 0.1, 0.2]
image_size = [256, 704]
augment2d = dict(
    resize=[[0.38, 0.55], [0.48, 0.48]],
    rotate=[-5.4, 5.4],
    gridmask=dict(prob=0.0, fixed_prob=True))
augment3d = dict(scale=[0.95, 1.05], rotate=[-0.3925, 0.3925], translate=0)
object_classes = [
    'car', 'truck', 'construction_vehicle', 'bus', 'trailer', 'barrier',
    'motorcycle', 'bicycle', 'pedestrian', 'traffic_cone'
]
map_classes = [
    'drivable_area', 'ped_crossing', 'walkway', 'stop_line', 'carpark_area',
    'divider'
]
input_modality = dict(
    use_lidar=True,
    use_camera=True,
    use_radar=False,
    use_map=False,
    use_external=False)
train_pipeline = [
    dict(type='LoadMultiViewImageFromFiles', to_float32=True),
    dict(
        type='LoadPointsFromFile',
        coord_type='LIDAR',
        load_dim=5,
        use_dim=5,
        reduce_beams=32,
        load_augmented=None),
    dict(
        type='LoadPointsFromMultiSweeps',
        sweeps_num=9,
        load_dim=5,
        use_dim=5,
        reduce_beams=32,
        pad_empty_sweeps=True,
        remove_close=True,
        load_augmented=None),
    dict(
        type='LoadAnnotations3D',
        with_bbox_3d=True,
        with_label_3d=True,
        with_attr_label=False),
    dict(
        type='ObjectPaste',
        stop_epoch=-1,
        db_sampler=dict(
            dataset_root='data/nuscenes/',
            info_path='data/nuscenes/nuscenes_dbinfos_train.pkl',
            rate=1.0,
            prepare=dict(
                filter_by_difficulty=[-1],
                filter_by_min_points=dict(
                    car=5,
                    truck=5,
                    bus=5,
                    trailer=5,
                    construction_vehicle=5,
                    traffic_cone=5,
                    barrier=5,
                    motorcycle=5,
                    bicycle=5,
                    pedestrian=5)),
            classes=[
                'car', 'truck', 'construction_vehicle', 'bus', 'trailer',
                'barrier', 'motorcycle', 'bicycle', 'pedestrian',
                'traffic_cone'
            ],
            sample_groups=dict(
                car=2,
                truck=3,
                construction_vehicle=7,
                bus=4,
                trailer=6,
                barrier=2,
                motorcycle=6,
                bicycle=6,
                pedestrian=2,
                traffic_cone=2),
            points_loader=dict(
                type='LoadPointsFromFile',
                coord_type='LIDAR',
                load_dim=5,
                use_dim=5,
                reduce_beams=32))),
    dict(
        type='ImageAug3D',
        final_dim=[256, 704],
        resize_lim=[0.38, 0.55],
        bot_pct_lim=[0.0, 0.0],
        rot_lim=[-5.4, 5.4],
        rand_flip=True,
        is_train=True),
    dict(
        type='GlobalRotScaleTrans',
        resize_lim=[0.95, 1.05],
        rot_lim=[-0.3925, 0.3925],
        trans_lim=0,
        is_train=True),
    dict(
        type='LoadBEVSegmentation',
        dataset_root='data/nuscenes/',
        xbound=[-50.0, 50.0, 0.5],
        ybound=[-50.0, 50.0, 0.5],
        classes=[
            'drivable_area', 'ped_crossing', 'walkway', 'stop_line',
            'carpark_area', 'divider'
        ]),
    dict(type='RandomFlip3D'),
    dict(
        type='PointsRangeFilter',
        point_cloud_range=[-51.2, -51.2, -5.0, 51.2, 51.2, 3.0]),
    dict(
        type='ObjectRangeFilter',
        point_cloud_range=[-51.2, -51.2, -5.0, 51.2, 51.2, 3.0]),
    dict(
        type='ObjectNameFilter',
        classes=[
            'car', 'truck', 'construction_vehicle', 'bus', 'trailer',
            'barrier', 'motorcycle', 'bicycle', 'pedestrian', 'traffic_cone'
        ]),
    dict(
        type='ImageNormalize',
        mean=[0.485, 0.456, 0.406],
        std=[0.229, 0.224, 0.225]),
    dict(
        type='GridMask',
        use_h=True,
        use_w=True,
        max_epoch=2,
        rotate=1,
        offset=False,
        ratio=0.5,
        mode=1,
        prob=0.0,
        fixed_prob=True),
    dict(type='PointShuffle'),
    dict(
        type='DefaultFormatBundle3D',
        classes=[
            'car', 'truck', 'construction_vehicle', 'bus', 'trailer',
            'barrier', 'motorcycle', 'bicycle', 'pedestrian', 'traffic_cone'
        ]),
    dict(
        type='Collect3D',
        keys=['img', 'points', 'gt_bboxes_3d', 'gt_labels_3d', 'gt_masks_bev'],
        meta_keys=[
            'camera_intrinsics', 'camera2ego', 'lidar2ego', 'lidar2camera',
            'camera2lidar', 'lidar2image', 'img_aug_matrix', 'lidar_aug_matrix'
        ])
]
test_pipeline = [
    dict(type='LoadMultiViewImageFromFiles', to_float32=True),
    dict(
        type='LoadPointsFromFile',
        coord_type='LIDAR',
        load_dim=5,
        use_dim=5,
        reduce_beams=32,
        load_augmented=None),
    dict(
        type='LoadPointsFromMultiSweeps',
        sweeps_num=9,
        load_dim=5,
        use_dim=5,
        reduce_beams=32,
        pad_empty_sweeps=True,
        remove_close=True,
        load_augmented=None),
    dict(
        type='LoadAnnotations3D',
        with_bbox_3d=True,
        with_label_3d=True,
        with_attr_label=False),
    dict(
        type='ImageAug3D',
        final_dim=[256, 704],
        resize_lim=[0.48, 0.48],
        bot_pct_lim=[0.0, 0.0],
        rot_lim=[0.0, 0.0],
        rand_flip=False,
        is_train=False),
    dict(
        type='GlobalRotScaleTrans',
        resize_lim=[1.0, 1.0],
        rot_lim=[0.0, 0.0],
        trans_lim=0.0,
        is_train=False),
    dict(
        type='LoadBEVSegmentation',
        dataset_root='data/nuscenes/',
        xbound=[-50.0, 50.0, 0.5],
        ybound=[-50.0, 50.0, 0.5],
        classes=[
            'drivable_area', 'ped_crossing', 'walkway', 'stop_line',
            'carpark_area', 'divider'
        ]),
    dict(
        type='PointsRangeFilter',
        point_cloud_range=[-51.2, -51.2, -5.0, 51.2, 51.2, 3.0]),
    dict(
        type='ImageNormalize',
        mean=[0.485, 0.456, 0.406],
        std=[0.229, 0.224, 0.225]),
    dict(
        type='DefaultFormatBundle3D',
        classes=[
            'car', 'truck', 'construction_vehicle', 'bus', 'trailer',
            'barrier', 'motorcycle', 'bicycle', 'pedestrian', 'traffic_cone'
        ]),
    dict(
        type='Collect3D',
        keys=['img', 'points', 'gt_bboxes_3d', 'gt_labels_3d', 'gt_masks_bev'],
        meta_keys=[
            'camera_intrinsics', 'camera2ego', 'lidar2ego', 'lidar2camera',
            'camera2lidar', 'lidar2image', 'img_aug_matrix', 'lidar_aug_matrix'
        ])
]
data = dict(
    samples_per_gpu=6,
    workers_per_gpu=4,
    train=dict(
        type='CBGSDataset',
        dataset=dict(
            type='NuScenesDataset',
            dataset_root='data/nuscenes/',
            ann_file='data/nuscenes/nuscenes_infos_train.pkl',
            pipeline=[
                dict(type='LoadMultiViewImageFromFiles', to_float32=True),
                dict(
                    type='LoadPointsFromFile',
                    coord_type='LIDAR',
                    load_dim=5,
                    use_dim=5,
                    reduce_beams=32,
                    load_augmented=None),
                dict(
                    type='LoadPointsFromMultiSweeps',
                    sweeps_num=9,
                    load_dim=5,
                    use_dim=5,
                    reduce_beams=32,
                    pad_empty_sweeps=True,
                    remove_close=True,
                    load_augmented=None),
                dict(
                    type='LoadAnnotations3D',
                    with_bbox_3d=True,
                    with_label_3d=True,
                    with_attr_label=False),
                dict(
                    type='ObjectPaste',
                    stop_epoch=-1,
                    db_sampler=dict(
                        dataset_root='data/nuscenes/',
                        info_path='data/nuscenes/nuscenes_dbinfos_train.pkl',
                        rate=1.0,
                        prepare=dict(
                            filter_by_difficulty=[-1],
                            filter_by_min_points=dict(
                                car=5,
                                truck=5,
                                bus=5,
                                trailer=5,
                                construction_vehicle=5,
                                traffic_cone=5,
                                barrier=5,
                                motorcycle=5,
                                bicycle=5,
                                pedestrian=5)),
                        classes=[
                            'car', 'truck', 'construction_vehicle', 'bus',
                            'trailer', 'barrier', 'motorcycle', 'bicycle',
                            'pedestrian', 'traffic_cone'
                        ],
                        sample_groups=dict(
                            car=2,
                            truck=3,
                            construction_vehicle=7,
                            bus=4,
                            trailer=6,
                            barrier=2,
                            motorcycle=6,
                            bicycle=6,
                            pedestrian=2,
                            traffic_cone=2),
                        points_loader=dict(
                            type='LoadPointsFromFile',
                            coord_type='LIDAR',
                            load_dim=5,
                            use_dim=5,
                            reduce_beams=32))),
                dict(
                    type='ImageAug3D',
                    final_dim=[256, 704],
                    resize_lim=[0.38, 0.55],
                    bot_pct_lim=[0.0, 0.0],
                    rot_lim=[-5.4, 5.4],
                    rand_flip=True,
                    is_train=True),
                dict(
                    type='GlobalRotScaleTrans',
                    resize_lim=[0.95, 1.05],
                    rot_lim=[-0.3925, 0.3925],
                    trans_lim=0,
                    is_train=True),
                dict(
                    type='LoadBEVSegmentation',
                    dataset_root='data/nuscenes/',
                    xbound=[-50.0, 50.0, 0.5],
                    ybound=[-50.0, 50.0, 0.5],
                    classes=[
                        'drivable_area', 'ped_crossing', 'walkway',
                        'stop_line', 'carpark_area', 'divider'
                    ]),
                dict(type='RandomFlip3D'),
                dict(
                    type='PointsRangeFilter',
                    point_cloud_range=[-51.2, -51.2, -5.0, 51.2, 51.2, 3.0]),
                dict(
                    type='ObjectRangeFilter',
                    point_cloud_range=[-51.2, -51.2, -5.0, 51.2, 51.2, 3.0]),
                dict(
                    type='ObjectNameFilter',
                    classes=[
                        'car', 'truck', 'construction_vehicle', 'bus',
                        'trailer', 'barrier', 'motorcycle', 'bicycle',
                        'pedestrian', 'traffic_cone'
                    ]),
                dict(
                    type='ImageNormalize',
                    mean=[0.485, 0.456, 0.406],
                    std=[0.229, 0.224, 0.225]),
                dict(
                    type='GridMask',
                    use_h=True,
                    use_w=True,
                    max_epoch=2,
                    rotate=1,
                    offset=False,
                    ratio=0.5,
                    mode=1,
                    prob=0.0,
                    fixed_prob=True),
                dict(type='PointShuffle'),
                dict(
                    type='DefaultFormatBundle3D',
                    classes=[
                        'car', 'truck', 'construction_vehicle', 'bus',
                        'trailer', 'barrier', 'motorcycle', 'bicycle',
                        'pedestrian', 'traffic_cone'
                    ]),
                dict(
                    type='Collect3D',
                    keys=[
                        'img', 'points', 'gt_bboxes_3d', 'gt_labels_3d',
                        'gt_masks_bev'
                    ],
                    meta_keys=[
                        'camera_intrinsics', 'camera2ego', 'lidar2ego',
                        'lidar2camera', 'camera2lidar', 'lidar2image',
                        'img_aug_matrix', 'lidar_aug_matrix'
                    ])
            ],
            object_classes=[
                'car', 'truck', 'construction_vehicle', 'bus', 'trailer',
                'barrier', 'motorcycle', 'bicycle', 'pedestrian',
                'traffic_cone'
            ],
            map_classes=[
                'drivable_area', 'ped_crossing', 'walkway', 'stop_line',
                'carpark_area', 'divider'
            ],
            modality=dict(
                use_lidar=True,
                use_camera=True,
                use_radar=False,
                use_map=False,
                use_external=False),
            test_mode=False,
            use_valid_flag=True,
            box_type_3d='LiDAR')),
    val=dict(
        type='NuScenesDataset',
        dataset_root='data/nuscenes/',
        ann_file='data/nuscenes/nuscenes_infos_val.pkl',
        pipeline=[
            dict(type='LoadMultiViewImageFromFiles', to_float32=True),
            dict(
                type='LoadPointsFromFile',
                coord_type='LIDAR',
                load_dim=5,
                use_dim=5,
                reduce_beams=32,
                load_augmented=None),
            dict(
                type='LoadPointsFromMultiSweeps',
                sweeps_num=9,
                load_dim=5,
                use_dim=5,
                reduce_beams=32,
                pad_empty_sweeps=True,
                remove_close=True,
                load_augmented=None),
            dict(
                type='LoadAnnotations3D',
                with_bbox_3d=True,
                with_label_3d=True,
                with_attr_label=False),
            dict(
                type='ImageAug3D',
                final_dim=[256, 704],
                resize_lim=[0.48, 0.48],
                bot_pct_lim=[0.0, 0.0],
                rot_lim=[0.0, 0.0],
                rand_flip=False,
                is_train=False),
            dict(
                type='GlobalRotScaleTrans',
                resize_lim=[1.0, 1.0],
                rot_lim=[0.0, 0.0],
                trans_lim=0.0,
                is_train=False),
            dict(
                type='LoadBEVSegmentation',
                dataset_root='data/nuscenes/',
                xbound=[-50.0, 50.0, 0.5],
                ybound=[-50.0, 50.0, 0.5],
                classes=[
                    'drivable_area', 'ped_crossing', 'walkway', 'stop_line',
                    'carpark_area', 'divider'
                ]),
            dict(
                type='PointsRangeFilter',
                point_cloud_range=[-51.2, -51.2, -5.0, 51.2, 51.2, 3.0]),
            dict(
                type='ImageNormalize',
                mean=[0.485, 0.456, 0.406],
                std=[0.229, 0.224, 0.225]),
            dict(
                type='DefaultFormatBundle3D',
                classes=[
                    'car', 'truck', 'construction_vehicle', 'bus', 'trailer',
                    'barrier', 'motorcycle', 'bicycle', 'pedestrian',
                    'traffic_cone'
                ]),
            dict(
                type='Collect3D',
                keys=[
                    'img', 'points', 'gt_bboxes_3d', 'gt_labels_3d',
                    'gt_masks_bev'
                ],
                meta_keys=[
                    'camera_intrinsics', 'camera2ego', 'lidar2ego',
                    'lidar2camera', 'camera2lidar', 'lidar2image',
                    'img_aug_matrix', 'lidar_aug_matrix'
                ])
        ],
        object_classes=[
            'car', 'truck', 'construction_vehicle', 'bus', 'trailer',
            'barrier', 'motorcycle', 'bicycle', 'pedestrian', 'traffic_cone'
        ],
        map_classes=[
            'drivable_area', 'ped_crossing', 'walkway', 'stop_line',
            'carpark_area', 'divider'
        ],
        modality=dict(
            use_lidar=True,
            use_camera=True,
            use_radar=False,
            use_map=False,
            use_external=False),
        test_mode=False,
        box_type_3d='LiDAR'),
    test=dict(
        type='NuScenesDataset',
        dataset_root='data/nuscenes/',
        ann_file='data/nuscenes/nuscenes_infos_val.pkl',
        pipeline=[
            dict(type='LoadMultiViewImageFromFiles', to_float32=True),
            dict(
                type='LoadPointsFromFile',
                coord_type='LIDAR',
                load_dim=5,
                use_dim=5,
                reduce_beams=32,
                load_augmented=None),
            dict(
                type='LoadPointsFromMultiSweeps',
                sweeps_num=9,
                load_dim=5,
                use_dim=5,
                reduce_beams=32,
                pad_empty_sweeps=True,
                remove_close=True,
                load_augmented=None),
            dict(
                type='LoadAnnotations3D',
                with_bbox_3d=True,
                with_label_3d=True,
                with_attr_label=False),
            dict(
                type='ImageAug3D',
                final_dim=[256, 704],
                resize_lim=[0.48, 0.48],
                bot_pct_lim=[0.0, 0.0],
                rot_lim=[0.0, 0.0],
                rand_flip=False,
                is_train=False),
            dict(
                type='GlobalRotScaleTrans',
                resize_lim=[1.0, 1.0],
                rot_lim=[0.0, 0.0],
                trans_lim=0.0,
                is_train=False),
            dict(
                type='LoadBEVSegmentation',
                dataset_root='data/nuscenes/',
                xbound=[-50.0, 50.0, 0.5],
                ybound=[-50.0, 50.0, 0.5],
                classes=[
                    'drivable_area', 'ped_crossing', 'walkway', 'stop_line',
                    'carpark_area', 'divider'
                ]),
            dict(
                type='PointsRangeFilter',
                point_cloud_range=[-51.2, -51.2, -5.0, 51.2, 51.2, 3.0]),
            dict(
                type='ImageNormalize',
                mean=[0.485, 0.456, 0.406],
                std=[0.229, 0.224, 0.225]),
            dict(
                type='DefaultFormatBundle3D',
                classes=[
                    'car', 'truck', 'construction_vehicle', 'bus', 'trailer',
                    'barrier', 'motorcycle', 'bicycle', 'pedestrian',
                    'traffic_cone'
                ]),
            dict(
                type='Collect3D',
                keys=[
                    'img', 'points', 'gt_bboxes_3d', 'gt_labels_3d',
                    'gt_masks_bev'
                ],
                meta_keys=[
                    'camera_intrinsics', 'camera2ego', 'lidar2ego',
                    'lidar2camera', 'camera2lidar', 'lidar2image',
                    'img_aug_matrix', 'lidar_aug_matrix'
                ])
        ],
        object_classes=[
            'car', 'truck', 'construction_vehicle', 'bus', 'trailer',
            'barrier', 'motorcycle', 'bicycle', 'pedestrian', 'traffic_cone'
        ],
        map_classes=[
            'drivable_area', 'ped_crossing', 'walkway', 'stop_line',
            'carpark_area', 'divider'
        ],
        modality=dict(
            use_lidar=True,
            use_camera=True,
            use_radar=False,
            use_map=False,
            use_external=False),
        test_mode=True,
        box_type_3d='LiDAR'))
evaluation = dict(
    interval=1,
    pipeline=[
        dict(type='LoadMultiViewImageFromFiles', to_float32=True),
        dict(
            type='LoadPointsFromFile',
            coord_type='LIDAR',
            load_dim=5,
            use_dim=5,
            reduce_beams=32,
            load_augmented=None),
        dict(
            type='LoadPointsFromMultiSweeps',
            sweeps_num=9,
            load_dim=5,
            use_dim=5,
            reduce_beams=32,
            pad_empty_sweeps=True,
            remove_close=True,
            load_augmented=None),
        dict(
            type='LoadAnnotations3D',
            with_bbox_3d=True,
            with_label_3d=True,
            with_attr_label=False),
        dict(
            type='ImageAug3D',
            final_dim=[256, 704],
            resize_lim=[0.48, 0.48],
            bot_pct_lim=[0.0, 0.0],
            rot_lim=[0.0, 0.0],
            rand_flip=False,
            is_train=False),
        dict(
            type='GlobalRotScaleTrans',
            resize_lim=[1.0, 1.0],
            rot_lim=[0.0, 0.0],
            trans_lim=0.0,
            is_train=False),
        dict(
            type='LoadBEVSegmentation',
            dataset_root='data/nuscenes/',
            xbound=[-50.0, 50.0, 0.5],
            ybound=[-50.0, 50.0, 0.5],
            classes=[
                'drivable_area', 'ped_crossing', 'walkway', 'stop_line',
                'carpark_area', 'divider'
            ]),
        dict(
            type='PointsRangeFilter',
            point_cloud_range=[-51.2, -51.2, -5.0, 51.2, 51.2, 3.0]),
        dict(
            type='ImageNormalize',
            mean=[0.485, 0.456, 0.406],
            std=[0.229, 0.224, 0.225]),
        dict(
            type='DefaultFormatBundle3D',
            classes=[
                'car', 'truck', 'construction_vehicle', 'bus', 'trailer',
                'barrier', 'motorcycle', 'bicycle', 'pedestrian',
                'traffic_cone'
            ]),
        dict(
            type='Collect3D',
            keys=[
                'img', 'points', 'gt_bboxes_3d', 'gt_labels_3d', 'gt_masks_bev'
            ],
            meta_keys=[
                'camera_intrinsics', 'camera2ego', 'lidar2ego', 'lidar2camera',
                'camera2lidar', 'lidar2image', 'img_aug_matrix',
                'lidar_aug_matrix'
            ])
    ])
model = dict(
    type='BEVFusion',
    encoders=dict(
        lidar=None,
        camera=dict(
            vtransform=dict(
                type='LSSTransform',
                image_size=[256, 704],
                xbound=[-51.2, 51.2, 0.4],
                ybound=[-51.2, 51.2, 0.4],
                zbound=[-10.0, 10.0, 20.0],
                dbound=[1.0, 60.0, 0.5],
                in_channels=256,
                out_channels=80,
                feature_size=[32, 88],
                downsample=2),
            backbone=dict(
                type='SwinTransformer',
                embed_dims=96,
                depths=[2, 2, 6, 2],
                num_heads=[3, 6, 12, 24],
                window_size=7,
                mlp_ratio=4,
                qkv_bias=True,
                qk_scale=None,
                drop_rate=0.0,
                attn_drop_rate=0.0,
                drop_path_rate=0.2,
                patch_norm=True,
                out_indices=[1, 2, 3],
                with_cp=False,
                convert_weights=True,
                init_cfg=dict(
                    type='Pretrained',
                    checkpoint='pretrained/swint-nuimages-pretrained.pth')),
            neck=dict(
                type='GeneralizedLSSFPN',
                in_channels=[192, 384, 768],
                out_channels=256,
                start_level=0,
                num_outs=3,
                norm_cfg=dict(type='BN2d', requires_grad=True),
                act_cfg=dict(type='ReLU', inplace=True),
                upsample_cfg=dict(mode='bilinear', align_corners=False)))),
    fuser=None,
    heads=dict(
        map=None,
        object=dict(
            type='CenterHead',
            in_channels=256,
            train_cfg=dict(
                point_cloud_range=[-51.2, -51.2, -5.0, 51.2, 51.2, 3.0],
                grid_size=[1024, 1024, 1],
                voxel_size=[0.1, 0.1, 0.2],
                out_size_factor=8,
                dense_reg=1,
                gaussian_overlap=0.1,
                max_objs=500,
                min_radius=2,
                code_weights=[
                    1.0, 1.0, 1.0, 1.0, 1.0, 1.0, 1.0, 1.0, 0.2, 0.2
                ]),
            test_cfg=dict(
                post_center_limit_range=[
                    -61.2, -61.2, -10.0, 61.2, 61.2, 10.0
                ],
                max_per_img=500,
                max_pool_nms=False,
                min_radius=[4, 12, 10, 1, 0.85, 0.175],
                score_threshold=0.1,
                out_size_factor=8,
                voxel_size=[0.1, 0.1],
                nms_type=[
                    'circle', 'rotate', 'rotate', 'circle', 'rotate', 'rotate'
                ],
                pre_max_size=1000,
                post_max_size=83,
                nms_thr=0.2,
                nms_scale=[[1.0], [1.0, 1.0], [1.0, 1.0], [1.0], [1.0, 1.0],
                           [2.5, 4.0]]),
            tasks=[['car'], ['truck', 'construction_vehicle'],
                   ['bus', 'trailer'], ['barrier'], ['motorcycle', 'bicycle'],
                   ['pedestrian', 'traffic_cone']],
            common_heads=dict(
                reg=[2, 2], height=[1, 2], dim=[3, 2], rot=[2, 2], vel=[2, 2]),
            share_conv_channel=64,
            bbox_coder=dict(
                type='CenterPointBBoxCoder',
                pc_range=[-51.2, -51.2, -5.0, 51.2, 51.2, 3.0],
                post_center_range=[-61.2, -61.2, -10.0, 61.2, 61.2, 10.0],
                max_num=500,
                score_threshold=0.1,
                out_size_factor=8,
                voxel_size=[0.1, 0.1],
                code_size=9),
            separate_head=dict(
                type='SeparateHead', init_bias=-2.19, final_kernel=3),
            loss_cls=dict(type='GaussianFocalLoss', reduction='mean'),
            loss_bbox=dict(type='L1Loss', reduction='mean', loss_weight=0.25),
            norm_bbox=True)),
    decoder=dict(
        backbone=dict(
            type='GeneralizedResNet',
            in_channels=80,
            blocks=[[2, 128, 2], [2, 256, 2], [2, 512, 1]]),
        neck=dict(
            type='LSSFPN',
            in_indices=[-1, 0],
            in_channels=[512, 128],
            out_channels=256,
            scale_factor=2)))
optimizer = dict(
    type='AdamW',
    lr=0.0002,
    weight_decay=0.01,
    paramwise_cfg=dict(
        custom_keys=dict({
            'absolute_pos_embed': dict(decay_mult=0),
            'relative_position_bias_table': dict(decay_mult=0),
            'encoders.camera.backbone': dict(lr_mult=0.1)
        })))
optimizer_config = dict(grad_clip=dict(max_norm=35, norm_type=2))
lr_config = dict(
    policy='cyclic', target_ratio=5.0, cyclic_times=1, step_ratio_up=0.4)
momentum_config = dict(policy='cyclic', cyclic_times=1, step_ratio_up=0.4)
run_dir = 'train_result'

2023-09-25 09:43:45,602 - mmdet3d - INFO - Set random seed to 0, deterministic mode: False
2023-09-25 09:43:45,672 - mmdet3d - INFO - load 3068 pedestrian database infos
2023-09-25 09:43:45,673 - mmdet3d - INFO - load 4082 car database infos
2023-09-25 09:43:45,673 - mmdet3d - INFO - load 773 traffic_cone database infos
2023-09-25 09:43:45,673 - mmdet3d - INFO - load 147 bicycle database infos
2023-09-25 09:43:45,673 - mmdet3d - INFO - load 1851 barrier database infos
2023-09-25 09:43:45,673 - mmdet3d - INFO - load 451 truck database infos
2023-09-25 09:43:45,673 - mmdet3d - INFO - load 337 bus database infos
2023-09-25 09:43:45,673 - mmdet3d - INFO - load 174 construction_vehicle database infos
2023-09-25 09:43:45,673 - mmdet3d - INFO - load 57 movable_object.pushable_pullable database infos
2023-09-25 09:43:45,673 - mmdet3d - INFO - load 179 motorcycle database infos
2023-09-25 09:43:45,673 - mmdet3d - INFO - load 13 movable_object.debris database infos
2023-09-25 09:43:45,673 - mmdet3d - INFO - load 59 trailer database infos
2023-09-25 09:43:45,673 - mmdet3d - INFO - load 25 human.pedestrian.personal_mobility database infos
2023-09-25 09:43:45,682 - mmdet3d - INFO - After filter database:
2023-09-25 09:43:45,683 - mmdet3d - INFO - load 2395 pedestrian database infos
2023-09-25 09:43:45,683 - mmdet3d - INFO - load 2287 car database infos
2023-09-25 09:43:45,683 - mmdet3d - INFO - load 381 traffic_cone database infos
2023-09-25 09:43:45,683 - mmdet3d - INFO - load 108 bicycle database infos
2023-09-25 09:43:45,683 - mmdet3d - INFO - load 1442 barrier database infos
2023-09-25 09:43:45,683 - mmdet3d - INFO - load 381 truck database infos
2023-09-25 09:43:45,683 - mmdet3d - INFO - load 275 bus database infos
2023-09-25 09:43:45,683 - mmdet3d - INFO - load 155 construction_vehicle database infos
2023-09-25 09:43:45,683 - mmdet3d - INFO - load 57 movable_object.pushable_pullable database infos
2023-09-25 09:43:45,683 - mmdet3d - INFO - load 124 motorcycle database infos
2023-09-25 09:43:45,683 - mmdet3d - INFO - load 13 movable_object.debris database infos
2023-09-25 09:43:45,683 - mmdet3d - INFO - load 57 trailer database infos
2023-09-25 09:43:45,683 - mmdet3d - INFO - load 25 human.pedestrian.personal_mobility database infos
2023-09-25 09:43:46,344 - mmdet3d - INFO - Model:
BEVFusion(
  (encoders): ModuleDict(
    (camera): ModuleDict(
      (backbone): SwinTransformer(
        (patch_embed): PatchEmbed(
          (adap_padding): AdaptivePadding()
          (projection): Conv2d(3, 96, kernel_size=(4, 4), stride=(4, 4))
          (norm): LayerNorm((96,), eps=1e-05, elementwise_affine=True)
        )
        (drop_after_pos): Dropout(p=0.0, inplace=False)
        (stages): ModuleList(
          (0): SwinBlockSequence(
            (blocks): ModuleList(
              (0): SwinBlock(
                (norm1): LayerNorm((96,), eps=1e-05, elementwise_affine=True)
                (attn): ShiftWindowMSA(
                  (w_msa): WindowMSA(
                    (qkv): Linear(in_features=96, out_features=288, bias=True)
                    (attn_drop): Dropout(p=0.0, inplace=False)
                    (proj): Linear(in_features=96, out_features=96, bias=True)
                    (proj_drop): Dropout(p=0.0, inplace=False)
                    (softmax): Softmax(dim=-1)
                  )
                  (drop): DropPath()
                )
                (norm2): LayerNorm((96,), eps=1e-05, elementwise_affine=True)
                (ffn): FFN(
                  (activate): GELU()
                  (layers): Sequential(
                    (0): Sequential(
                      (0): Linear(in_features=96, out_features=384, bias=True)
                      (1): GELU()
                      (2): Dropout(p=0.0, inplace=False)
                    )
                    (1): Linear(in_features=384, out_features=96, bias=True)
                    (2): Dropout(p=0.0, inplace=False)
                  )
                  (dropout_layer): DropPath()
                )
              )
              (1): SwinBlock(
                (norm1): LayerNorm((96,), eps=1e-05, elementwise_affine=True)
                (attn): ShiftWindowMSA(
                  (w_msa): WindowMSA(
                    (qkv): Linear(in_features=96, out_features=288, bias=True)
                    (attn_drop): Dropout(p=0.0, inplace=False)
                    (proj): Linear(in_features=96, out_features=96, bias=True)
                    (proj_drop): Dropout(p=0.0, inplace=False)
                    (softmax): Softmax(dim=-1)
                  )
                  (drop): DropPath()
                )
                (norm2): LayerNorm((96,), eps=1e-05, elementwise_affine=True)
                (ffn): FFN(
                  (activate): GELU()
                  (layers): Sequential(
                    (0): Sequential(
                      (0): Linear(in_features=96, out_features=384, bias=True)
                      (1): GELU()
                      (2): Dropout(p=0.0, inplace=False)
                    )
                    (1): Linear(in_features=384, out_features=96, bias=True)
                    (2): Dropout(p=0.0, inplace=False)
                  )
                  (dropout_layer): DropPath()
                )
              )
            )
            (downsample): PatchMerging(
              (adap_padding): AdaptivePadding()
              (sampler): Unfold(kernel_size=(2, 2), dilation=(1, 1), padding=(0, 0), stride=(2, 2))
              (norm): LayerNorm((384,), eps=1e-05, elementwise_affine=True)
              (reduction): Linear(in_features=384, out_features=192, bias=False)
            )
          )
          (1): SwinBlockSequence(
            (blocks): ModuleList(
              (0): SwinBlock(
                (norm1): LayerNorm((192,), eps=1e-05, elementwise_affine=True)
                (attn): ShiftWindowMSA(
                  (w_msa): WindowMSA(
                    (qkv): Linear(in_features=192, out_features=576, bias=True)
                    (attn_drop): Dropout(p=0.0, inplace=False)
                    (proj): Linear(in_features=192, out_features=192, bias=True)
                    (proj_drop): Dropout(p=0.0, inplace=False)
                    (softmax): Softmax(dim=-1)
                  )
                  (drop): DropPath()
                )
                (norm2): LayerNorm((192,), eps=1e-05, elementwise_affine=True)
                (ffn): FFN(
                  (activate): GELU()
                  (layers): Sequential(
                    (0): Sequential(
                      (0): Linear(in_features=192, out_features=768, bias=True)
                      (1): GELU()
                      (2): Dropout(p=0.0, inplace=False)
                    )
                    (1): Linear(in_features=768, out_features=192, bias=True)
                    (2): Dropout(p=0.0, inplace=False)
                  )
                  (dropout_layer): DropPath()
                )
              )
              (1): SwinBlock(
                (norm1): LayerNorm((192,), eps=1e-05, elementwise_affine=True)
                (attn): ShiftWindowMSA(
                  (w_msa): WindowMSA(
                    (qkv): Linear(in_features=192, out_features=576, bias=True)
                    (attn_drop): Dropout(p=0.0, inplace=False)
                    (proj): Linear(in_features=192, out_features=192, bias=True)
                    (proj_drop): Dropout(p=0.0, inplace=False)
                    (softmax): Softmax(dim=-1)
                  )
                  (drop): DropPath()
                )
                (norm2): LayerNorm((192,), eps=1e-05, elementwise_affine=True)
                (ffn): FFN(
                  (activate): GELU()
                  (layers): Sequential(
                    (0): Sequential(
                      (0): Linear(in_features=192, out_features=768, bias=True)
                      (1): GELU()
                      (2): Dropout(p=0.0, inplace=False)
                    )
                    (1): Linear(in_features=768, out_features=192, bias=True)
                    (2): Dropout(p=0.0, inplace=False)
                  )
                  (dropout_layer): DropPath()
                )
              )
            )
            (downsample): PatchMerging(
              (adap_padding): AdaptivePadding()
              (sampler): Unfold(kernel_size=(2, 2), dilation=(1, 1), padding=(0, 0), stride=(2, 2))
              (norm): LayerNorm((768,), eps=1e-05, elementwise_affine=True)
              (reduction): Linear(in_features=768, out_features=384, bias=False)
            )
          )
          (2): SwinBlockSequence(
            (blocks): ModuleList(
              (0): SwinBlock(
                (norm1): LayerNorm((384,), eps=1e-05, elementwise_affine=True)
                (attn): ShiftWindowMSA(
                  (w_msa): WindowMSA(
                    (qkv): Linear(in_features=384, out_features=1152, bias=True)
                    (attn_drop): Dropout(p=0.0, inplace=False)
                    (proj): Linear(in_features=384, out_features=384, bias=True)
                    (proj_drop): Dropout(p=0.0, inplace=False)
                    (softmax): Softmax(dim=-1)
                  )
                  (drop): DropPath()
                )
                (norm2): LayerNorm((384,), eps=1e-05, elementwise_affine=True)
                (ffn): FFN(
                  (activate): GELU()
                  (layers): Sequential(
                    (0): Sequential(
                      (0): Linear(in_features=384, out_features=1536, bias=True)
                      (1): GELU()
                      (2): Dropout(p=0.0, inplace=False)
                    )
                    (1): Linear(in_features=1536, out_features=384, bias=True)
                    (2): Dropout(p=0.0, inplace=False)
                  )
                  (dropout_layer): DropPath()
                )
              )
              (1): SwinBlock(
                (norm1): LayerNorm((384,), eps=1e-05, elementwise_affine=True)
                (attn): ShiftWindowMSA(
                  (w_msa): WindowMSA(
                    (qkv): Linear(in_features=384, out_features=1152, bias=True)
                    (attn_drop): Dropout(p=0.0, inplace=False)
                    (proj): Linear(in_features=384, out_features=384, bias=True)
                    (proj_drop): Dropout(p=0.0, inplace=False)
                    (softmax): Softmax(dim=-1)
                  )
                  (drop): DropPath()
                )
                (norm2): LayerNorm((384,), eps=1e-05, elementwise_affine=True)
                (ffn): FFN(
                  (activate): GELU()
                  (layers): Sequential(
                    (0): Sequential(
                      (0): Linear(in_features=384, out_features=1536, bias=True)
                      (1): GELU()
                      (2): Dropout(p=0.0, inplace=False)
                    )
                    (1): Linear(in_features=1536, out_features=384, bias=True)
                    (2): Dropout(p=0.0, inplace=False)
                  )
                  (dropout_layer): DropPath()
                )
              )
              (2): SwinBlock(
                (norm1): LayerNorm((384,), eps=1e-05, elementwise_affine=True)
                (attn): ShiftWindowMSA(
                  (w_msa): WindowMSA(
                    (qkv): Linear(in_features=384, out_features=1152, bias=True)
                    (attn_drop): Dropout(p=0.0, inplace=False)
                    (proj): Linear(in_features=384, out_features=384, bias=True)
                    (proj_drop): Dropout(p=0.0, inplace=False)
                    (softmax): Softmax(dim=-1)
                  )
                  (drop): DropPath()
                )
                (norm2): LayerNorm((384,), eps=1e-05, elementwise_affine=True)
                (ffn): FFN(
                  (activate): GELU()
                  (layers): Sequential(
                    (0): Sequential(
                      (0): Linear(in_features=384, out_features=1536, bias=True)
                      (1): GELU()
                      (2): Dropout(p=0.0, inplace=False)
                    )
                    (1): Linear(in_features=1536, out_features=384, bias=True)
                    (2): Dropout(p=0.0, inplace=False)
                  )
                  (dropout_layer): DropPath()
                )
              )
              (3): SwinBlock(
                (norm1): LayerNorm((384,), eps=1e-05, elementwise_affine=True)
                (attn): ShiftWindowMSA(
                  (w_msa): WindowMSA(
                    (qkv): Linear(in_features=384, out_features=1152, bias=True)
                    (attn_drop): Dropout(p=0.0, inplace=False)
                    (proj): Linear(in_features=384, out_features=384, bias=True)
                    (proj_drop): Dropout(p=0.0, inplace=False)
                    (softmax): Softmax(dim=-1)
                  )
                  (drop): DropPath()
                )
                (norm2): LayerNorm((384,), eps=1e-05, elementwise_affine=True)
                (ffn): FFN(
                  (activate): GELU()
                  (layers): Sequential(
                    (0): Sequential(
                      (0): Linear(in_features=384, out_features=1536, bias=True)
                      (1): GELU()
                      (2): Dropout(p=0.0, inplace=False)
                    )
                    (1): Linear(in_features=1536, out_features=384, bias=True)
                    (2): Dropout(p=0.0, inplace=False)
                  )
                  (dropout_layer): DropPath()
                )
              )
              (4): SwinBlock(
                (norm1): LayerNorm((384,), eps=1e-05, elementwise_affine=True)
                (attn): ShiftWindowMSA(
                  (w_msa): WindowMSA(
                    (qkv): Linear(in_features=384, out_features=1152, bias=True)
                    (attn_drop): Dropout(p=0.0, inplace=False)
                    (proj): Linear(in_features=384, out_features=384, bias=True)
                    (proj_drop): Dropout(p=0.0, inplace=False)
                    (softmax): Softmax(dim=-1)
                  )
                  (drop): DropPath()
                )
                (norm2): LayerNorm((384,), eps=1e-05, elementwise_affine=True)
                (ffn): FFN(
                  (activate): GELU()
                  (layers): Sequential(
                    (0): Sequential(
                      (0): Linear(in_features=384, out_features=1536, bias=True)
                      (1): GELU()
                      (2): Dropout(p=0.0, inplace=False)
                    )
                    (1): Linear(in_features=1536, out_features=384, bias=True)
                    (2): Dropout(p=0.0, inplace=False)
                  )
                  (dropout_layer): DropPath()
                )
              )
              (5): SwinBlock(
                (norm1): LayerNorm((384,), eps=1e-05, elementwise_affine=True)
                (attn): ShiftWindowMSA(
                  (w_msa): WindowMSA(
                    (qkv): Linear(in_features=384, out_features=1152, bias=True)
                    (attn_drop): Dropout(p=0.0, inplace=False)
                    (proj): Linear(in_features=384, out_features=384, bias=True)
                    (proj_drop): Dropout(p=0.0, inplace=False)
                    (softmax): Softmax(dim=-1)
                  )
                  (drop): DropPath()
                )
                (norm2): LayerNorm((384,), eps=1e-05, elementwise_affine=True)
                (ffn): FFN(
                  (activate): GELU()
                  (layers): Sequential(
                    (0): Sequential(
                      (0): Linear(in_features=384, out_features=1536, bias=True)
                      (1): GELU()
                      (2): Dropout(p=0.0, inplace=False)
                    )
                    (1): Linear(in_features=1536, out_features=384, bias=True)
                    (2): Dropout(p=0.0, inplace=False)
                  )
                  (dropout_layer): DropPath()
                )
              )
            )
            (downsample): PatchMerging(
              (adap_padding): AdaptivePadding()
              (sampler): Unfold(kernel_size=(2, 2), dilation=(1, 1), padding=(0, 0), stride=(2, 2))
              (norm): LayerNorm((1536,), eps=1e-05, elementwise_affine=True)
              (reduction): Linear(in_features=1536, out_features=768, bias=False)
            )
          )
          (3): SwinBlockSequence(
            (blocks): ModuleList(
              (0): SwinBlock(
                (norm1): LayerNorm((768,), eps=1e-05, elementwise_affine=True)
                (attn): ShiftWindowMSA(
                  (w_msa): WindowMSA(
                    (qkv): Linear(in_features=768, out_features=2304, bias=True)
                    (attn_drop): Dropout(p=0.0, inplace=False)
                    (proj): Linear(in_features=768, out_features=768, bias=True)
                    (proj_drop): Dropout(p=0.0, inplace=False)
                    (softmax): Softmax(dim=-1)
                  )
                  (drop): DropPath()
                )
                (norm2): LayerNorm((768,), eps=1e-05, elementwise_affine=True)
                (ffn): FFN(
                  (activate): GELU()
                  (layers): Sequential(
                    (0): Sequential(
                      (0): Linear(in_features=768, out_features=3072, bias=True)
                      (1): GELU()
                      (2): Dropout(p=0.0, inplace=False)
                    )
                    (1): Linear(in_features=3072, out_features=768, bias=True)
                    (2): Dropout(p=0.0, inplace=False)
                  )
                  (dropout_layer): DropPath()
                )
              )
              (1): SwinBlock(
                (norm1): LayerNorm((768,), eps=1e-05, elementwise_affine=True)
                (attn): ShiftWindowMSA(
                  (w_msa): WindowMSA(
                    (qkv): Linear(in_features=768, out_features=2304, bias=True)
                    (attn_drop): Dropout(p=0.0, inplace=False)
                    (proj): Linear(in_features=768, out_features=768, bias=True)
                    (proj_drop): Dropout(p=0.0, inplace=False)
                    (softmax): Softmax(dim=-1)
                  )
                  (drop): DropPath()
                )
                (norm2): LayerNorm((768,), eps=1e-05, elementwise_affine=True)
                (ffn): FFN(
                  (activate): GELU()
                  (layers): Sequential(
                    (0): Sequential(
                      (0): Linear(in_features=768, out_features=3072, bias=True)
                      (1): GELU()
                      (2): Dropout(p=0.0, inplace=False)
                    )
                    (1): Linear(in_features=3072, out_features=768, bias=True)
                    (2): Dropout(p=0.0, inplace=False)
                  )
                  (dropout_layer): DropPath()
                )
              )
            )
          )
        )
        (norm1): LayerNorm((192,), eps=1e-05, elementwise_affine=True)
        (norm2): LayerNorm((384,), eps=1e-05, elementwise_affine=True)
        (norm3): LayerNorm((768,), eps=1e-05, elementwise_affine=True)
      )
      init_cfg={'type': 'Pretrained', 'checkpoint': 'pretrained/swint-nuimages-pretrained.pth'}
      (neck): GeneralizedLSSFPN(
        (lateral_convs): ModuleList(
          (0): ConvModule(
            (conv): Conv2d(448, 256, kernel_size=(1, 1), stride=(1, 1), bias=False)
            (bn): BatchNorm2d(256, eps=1e-05, momentum=0.1, affine=True, track_running_stats=True)
            (activate): ReLU(inplace=True)
          )
          (1): ConvModule(
            (conv): Conv2d(1152, 256, kernel_size=(1, 1), stride=(1, 1), bias=False)
            (bn): BatchNorm2d(256, eps=1e-05, momentum=0.1, affine=True, track_running_stats=True)
            (activate): ReLU(inplace=True)
          )
        )
        (fpn_convs): ModuleList(
          (0): ConvModule(
            (conv): Conv2d(256, 256, kernel_size=(3, 3), stride=(1, 1), padding=(1, 1), bias=False)
            (bn): BatchNorm2d(256, eps=1e-05, momentum=0.1, affine=True, track_running_stats=True)
            (activate): ReLU(inplace=True)
          )
          (1): ConvModule(
            (conv): Conv2d(256, 256, kernel_size=(3, 3), stride=(1, 1), padding=(1, 1), bias=False)
            (bn): BatchNorm2d(256, eps=1e-05, momentum=0.1, affine=True, track_running_stats=True)
            (activate): ReLU(inplace=True)
          )
        )
      )
      (vtransform): LSSTransform(
        (depthnet): Conv2d(256, 198, kernel_size=(1, 1), stride=(1, 1))
        (downsample): Sequential(
          (0): Conv2d(80, 80, kernel_size=(3, 3), stride=(1, 1), padding=(1, 1), bias=False)
          (1): BatchNorm2d(80, eps=1e-05, momentum=0.1, affine=True, track_running_stats=True)
          (2): ReLU(inplace=True)
          (3): Conv2d(80, 80, kernel_size=(3, 3), stride=(2, 2), padding=(1, 1), bias=False)
          (4): BatchNorm2d(80, eps=1e-05, momentum=0.1, affine=True, track_running_stats=True)
          (5): ReLU(inplace=True)
          (6): Conv2d(80, 80, kernel_size=(3, 3), stride=(1, 1), padding=(1, 1), bias=False)
          (7): BatchNorm2d(80, eps=1e-05, momentum=0.1, affine=True, track_running_stats=True)
          (8): ReLU(inplace=True)
        )
      )
    )
  )
  (decoder): ModuleDict(
    (backbone): GeneralizedResNet(
      (0): Sequential(
        (0): BasicBlock(
          (conv1): Conv2d(80, 128, kernel_size=(3, 3), stride=(2, 2), padding=(1, 1), bias=False)
          (bn1): BatchNorm2d(128, eps=1e-05, momentum=0.1, affine=True, track_running_stats=True)
          (relu): ReLU(inplace=True)
          (conv2): Conv2d(128, 128, kernel_size=(3, 3), stride=(1, 1), padding=(1, 1), bias=False)
          (bn2): BatchNorm2d(128, eps=1e-05, momentum=0.1, affine=True, track_running_stats=True)
          (downsample): Sequential(
            (0): Conv2d(80, 128, kernel_size=(1, 1), stride=(2, 2), bias=False)
            (1): BatchNorm2d(128, eps=1e-05, momentum=0.1, affine=True, track_running_stats=True)
          )
        )
        (1): BasicBlock(
          (conv1): Conv2d(128, 128, kernel_size=(3, 3), stride=(1, 1), padding=(1, 1), bias=False)
          (bn1): BatchNorm2d(128, eps=1e-05, momentum=0.1, affine=True, track_running_stats=True)
          (relu): ReLU(inplace=True)
          (conv2): Conv2d(128, 128, kernel_size=(3, 3), stride=(1, 1), padding=(1, 1), bias=False)
          (bn2): BatchNorm2d(128, eps=1e-05, momentum=0.1, affine=True, track_running_stats=True)
        )
      )
      (1): Sequential(
        (0): BasicBlock(
          (conv1): Conv2d(128, 256, kernel_size=(3, 3), stride=(2, 2), padding=(1, 1), bias=False)
          (bn1): BatchNorm2d(256, eps=1e-05, momentum=0.1, affine=True, track_running_stats=True)
          (relu): ReLU(inplace=True)
          (conv2): Conv2d(256, 256, kernel_size=(3, 3), stride=(1, 1), padding=(1, 1), bias=False)
          (bn2): BatchNorm2d(256, eps=1e-05, momentum=0.1, affine=True, track_running_stats=True)
          (downsample): Sequential(
            (0): Conv2d(128, 256, kernel_size=(1, 1), stride=(2, 2), bias=False)
            (1): BatchNorm2d(256, eps=1e-05, momentum=0.1, affine=True, track_running_stats=True)
          )
        )
        (1): BasicBlock(
          (conv1): Conv2d(256, 256, kernel_size=(3, 3), stride=(1, 1), padding=(1, 1), bias=False)
          (bn1): BatchNorm2d(256, eps=1e-05, momentum=0.1, affine=True, track_running_stats=True)
          (relu): ReLU(inplace=True)
          (conv2): Conv2d(256, 256, kernel_size=(3, 3), stride=(1, 1), padding=(1, 1), bias=False)
          (bn2): BatchNorm2d(256, eps=1e-05, momentum=0.1, affine=True, track_running_stats=True)
        )
      )
      (2): Sequential(
        (0): BasicBlock(
          (conv1): Conv2d(256, 512, kernel_size=(3, 3), stride=(1, 1), padding=(1, 1), bias=False)
          (bn1): BatchNorm2d(512, eps=1e-05, momentum=0.1, affine=True, track_running_stats=True)
          (relu): ReLU(inplace=True)
          (conv2): Conv2d(512, 512, kernel_size=(3, 3), stride=(1, 1), padding=(1, 1), bias=False)
          (bn2): BatchNorm2d(512, eps=1e-05, momentum=0.1, affine=True, track_running_stats=True)
          (downsample): Sequential(
            (0): Conv2d(256, 512, kernel_size=(1, 1), stride=(1, 1), bias=False)
            (1): BatchNorm2d(512, eps=1e-05, momentum=0.1, affine=True, track_running_stats=True)
          )
        )
        (1): BasicBlock(
          (conv1): Conv2d(512, 512, kernel_size=(3, 3), stride=(1, 1), padding=(1, 1), bias=False)
          (bn1): BatchNorm2d(512, eps=1e-05, momentum=0.1, affine=True, track_running_stats=True)
          (relu): ReLU(inplace=True)
          (conv2): Conv2d(512, 512, kernel_size=(3, 3), stride=(1, 1), padding=(1, 1), bias=False)
          (bn2): BatchNorm2d(512, eps=1e-05, momentum=0.1, affine=True, track_running_stats=True)
        )
      )
    )
    (neck): LSSFPN(
      (fuse): Sequential(
        (0): Conv2d(640, 256, kernel_size=(1, 1), stride=(1, 1), bias=False)
        (1): BatchNorm2d(256, eps=1e-05, momentum=0.1, affine=True, track_running_stats=True)
        (2): ReLU(inplace=True)
        (3): Conv2d(256, 256, kernel_size=(3, 3), stride=(1, 1), padding=(1, 1), bias=False)
        (4): BatchNorm2d(256, eps=1e-05, momentum=0.1, affine=True, track_running_stats=True)
        (5): ReLU(inplace=True)
      )
      (upsample): Sequential(
        (0): Upsample(scale_factor=2.0, mode=bilinear)
        (1): Conv2d(256, 256, kernel_size=(3, 3), stride=(1, 1), padding=(1, 1), bias=False)
        (2): BatchNorm2d(256, eps=1e-05, momentum=0.1, affine=True, track_running_stats=True)
        (3): ReLU(inplace=True)
      )
    )
  )
  (heads): ModuleDict(
    (object): CenterHead(
      (loss_cls): GaussianFocalLoss()
      (loss_bbox): L1Loss()
      (shared_conv): ConvModule(
        (conv): Conv2d(256, 64, kernel_size=(3, 3), stride=(1, 1), padding=(1, 1), bias=False)
        (bn): BatchNorm2d(64, eps=1e-05, momentum=0.1, affine=True, track_running_stats=True)
        (activate): ReLU(inplace=True)
      )
      (task_heads): ModuleList(
        (0): SeparateHead(
          (reg): Sequential(
            (0): ConvModule(
              (conv): Conv2d(64, 64, kernel_size=(3, 3), stride=(1, 1), padding=(1, 1), bias=False)
              (bn): BatchNorm2d(64, eps=1e-05, momentum=0.1, affine=True, track_running_stats=True)
              (activate): ReLU(inplace=True)
            )
            (1): Conv2d(64, 2, kernel_size=(3, 3), stride=(1, 1), padding=(1, 1))
          )
          (height): Sequential(
            (0): ConvModule(
              (conv): Conv2d(64, 64, kernel_size=(3, 3), stride=(1, 1), padding=(1, 1), bias=False)
              (bn): BatchNorm2d(64, eps=1e-05, momentum=0.1, affine=True, track_running_stats=True)
              (activate): ReLU(inplace=True)
            )
            (1): Conv2d(64, 1, kernel_size=(3, 3), stride=(1, 1), padding=(1, 1))
          )
          (dim): Sequential(
            (0): ConvModule(
              (conv): Conv2d(64, 64, kernel_size=(3, 3), stride=(1, 1), padding=(1, 1), bias=False)
              (bn): BatchNorm2d(64, eps=1e-05, momentum=0.1, affine=True, track_running_stats=True)
              (activate): ReLU(inplace=True)
            )
            (1): Conv2d(64, 3, kernel_size=(3, 3), stride=(1, 1), padding=(1, 1))
          )
          (rot): Sequential(
            (0): ConvModule(
              (conv): Conv2d(64, 64, kernel_size=(3, 3), stride=(1, 1), padding=(1, 1), bias=False)
              (bn): BatchNorm2d(64, eps=1e-05, momentum=0.1, affine=True, track_running_stats=True)
              (activate): ReLU(inplace=True)
            )
            (1): Conv2d(64, 2, kernel_size=(3, 3), stride=(1, 1), padding=(1, 1))
          )
          (vel): Sequential(
            (0): ConvModule(
              (conv): Conv2d(64, 64, kernel_size=(3, 3), stride=(1, 1), padding=(1, 1), bias=False)
              (bn): BatchNorm2d(64, eps=1e-05, momentum=0.1, affine=True, track_running_stats=True)
              (activate): ReLU(inplace=True)
            )
            (1): Conv2d(64, 2, kernel_size=(3, 3), stride=(1, 1), padding=(1, 1))
          )
          (heatmap): Sequential(
            (0): ConvModule(
              (conv): Conv2d(64, 64, kernel_size=(3, 3), stride=(1, 1), padding=(1, 1), bias=False)
              (bn): BatchNorm2d(64, eps=1e-05, momentum=0.1, affine=True, track_running_stats=True)
              (activate): ReLU(inplace=True)
            )
            (1): Conv2d(64, 1, kernel_size=(3, 3), stride=(1, 1), padding=(1, 1))
          )
        )
        init_cfg={'type': 'Kaiming', 'layer': 'Conv2d'}
        (1): SeparateHead(
          (reg): Sequential(
            (0): ConvModule(
              (conv): Conv2d(64, 64, kernel_size=(3, 3), stride=(1, 1), padding=(1, 1), bias=False)
              (bn): BatchNorm2d(64, eps=1e-05, momentum=0.1, affine=True, track_running_stats=True)
              (activate): ReLU(inplace=True)
            )
            (1): Conv2d(64, 2, kernel_size=(3, 3), stride=(1, 1), padding=(1, 1))
          )
          (height): Sequential(
            (0): ConvModule(
              (conv): Conv2d(64, 64, kernel_size=(3, 3), stride=(1, 1), padding=(1, 1), bias=False)
              (bn): BatchNorm2d(64, eps=1e-05, momentum=0.1, affine=True, track_running_stats=True)
              (activate): ReLU(inplace=True)
            )
            (1): Conv2d(64, 1, kernel_size=(3, 3), stride=(1, 1), padding=(1, 1))
          )
          (dim): Sequential(
            (0): ConvModule(
              (conv): Conv2d(64, 64, kernel_size=(3, 3), stride=(1, 1), padding=(1, 1), bias=False)
              (bn): BatchNorm2d(64, eps=1e-05, momentum=0.1, affine=True, track_running_stats=True)
              (activate): ReLU(inplace=True)
            )
            (1): Conv2d(64, 3, kernel_size=(3, 3), stride=(1, 1), padding=(1, 1))
          )
          (rot): Sequential(
            (0): ConvModule(
              (conv): Conv2d(64, 64, kernel_size=(3, 3), stride=(1, 1), padding=(1, 1), bias=False)
              (bn): BatchNorm2d(64, eps=1e-05, momentum=0.1, affine=True, track_running_stats=True)
              (activate): ReLU(inplace=True)
            )
            (1): Conv2d(64, 2, kernel_size=(3, 3), stride=(1, 1), padding=(1, 1))
          )
          (vel): Sequential(
            (0): ConvModule(
              (conv): Conv2d(64, 64, kernel_size=(3, 3), stride=(1, 1), padding=(1, 1), bias=False)
              (bn): BatchNorm2d(64, eps=1e-05, momentum=0.1, affine=True, track_running_stats=True)
              (activate): ReLU(inplace=True)
            )
            (1): Conv2d(64, 2, kernel_size=(3, 3), stride=(1, 1), padding=(1, 1))
          )
          (heatmap): Sequential(
            (0): ConvModule(
              (conv): Conv2d(64, 64, kernel_size=(3, 3), stride=(1, 1), padding=(1, 1), bias=False)
              (bn): BatchNorm2d(64, eps=1e-05, momentum=0.1, affine=True, track_running_stats=True)
              (activate): ReLU(inplace=True)
            )
            (1): Conv2d(64, 2, kernel_size=(3, 3), stride=(1, 1), padding=(1, 1))
          )
        )
        init_cfg={'type': 'Kaiming', 'layer': 'Conv2d'}
        (2): SeparateHead(
          (reg): Sequential(
            (0): ConvModule(
              (conv): Conv2d(64, 64, kernel_size=(3, 3), stride=(1, 1), padding=(1, 1), bias=False)
              (bn): BatchNorm2d(64, eps=1e-05, momentum=0.1, affine=True, track_running_stats=True)
              (activate): ReLU(inplace=True)
            )
            (1): Conv2d(64, 2, kernel_size=(3, 3), stride=(1, 1), padding=(1, 1))
          )
          (height): Sequential(
            (0): ConvModule(
              (conv): Conv2d(64, 64, kernel_size=(3, 3), stride=(1, 1), padding=(1, 1), bias=False)
              (bn): BatchNorm2d(64, eps=1e-05, momentum=0.1, affine=True, track_running_stats=True)
              (activate): ReLU(inplace=True)
            )
            (1): Conv2d(64, 1, kernel_size=(3, 3), stride=(1, 1), padding=(1, 1))
          )
          (dim): Sequential(
            (0): ConvModule(
              (conv): Conv2d(64, 64, kernel_size=(3, 3), stride=(1, 1), padding=(1, 1), bias=False)
              (bn): BatchNorm2d(64, eps=1e-05, momentum=0.1, affine=True, track_running_stats=True)
              (activate): ReLU(inplace=True)
            )
            (1): Conv2d(64, 3, kernel_size=(3, 3), stride=(1, 1), padding=(1, 1))
          )
          (rot): Sequential(
            (0): ConvModule(
              (conv): Conv2d(64, 64, kernel_size=(3, 3), stride=(1, 1), padding=(1, 1), bias=False)
              (bn): BatchNorm2d(64, eps=1e-05, momentum=0.1, affine=True, track_running_stats=True)
              (activate): ReLU(inplace=True)
            )
            (1): Conv2d(64, 2, kernel_size=(3, 3), stride=(1, 1), padding=(1, 1))
          )
          (vel): Sequential(
            (0): ConvModule(
              (conv): Conv2d(64, 64, kernel_size=(3, 3), stride=(1, 1), padding=(1, 1), bias=False)
              (bn): BatchNorm2d(64, eps=1e-05, momentum=0.1, affine=True, track_running_stats=True)
              (activate): ReLU(inplace=True)
            )
            (1): Conv2d(64, 2, kernel_size=(3, 3), stride=(1, 1), padding=(1, 1))
          )
          (heatmap): Sequential(
            (0): ConvModule(
              (conv): Conv2d(64, 64, kernel_size=(3, 3), stride=(1, 1), padding=(1, 1), bias=False)
              (bn): BatchNorm2d(64, eps=1e-05, momentum=0.1, affine=True, track_running_stats=True)
              (activate): ReLU(inplace=True)
            )
            (1): Conv2d(64, 2, kernel_size=(3, 3), stride=(1, 1), padding=(1, 1))
          )
        )
        init_cfg={'type': 'Kaiming', 'layer': 'Conv2d'}
        (3): SeparateHead(
          (reg): Sequential(
            (0): ConvModule(
              (conv): Conv2d(64, 64, kernel_size=(3, 3), stride=(1, 1), padding=(1, 1), bias=False)
              (bn): BatchNorm2d(64, eps=1e-05, momentum=0.1, affine=True, track_running_stats=True)
              (activate): ReLU(inplace=True)
            )
            (1): Conv2d(64, 2, kernel_size=(3, 3), stride=(1, 1), padding=(1, 1))
          )
          (height): Sequential(
            (0): ConvModule(
              (conv): Conv2d(64, 64, kernel_size=(3, 3), stride=(1, 1), padding=(1, 1), bias=False)
              (bn): BatchNorm2d(64, eps=1e-05, momentum=0.1, affine=True, track_running_stats=True)
              (activate): ReLU(inplace=True)
            )
            (1): Conv2d(64, 1, kernel_size=(3, 3), stride=(1, 1), padding=(1, 1))
          )
          (dim): Sequential(
            (0): ConvModule(
              (conv): Conv2d(64, 64, kernel_size=(3, 3), stride=(1, 1), padding=(1, 1), bias=False)
              (bn): BatchNorm2d(64, eps=1e-05, momentum=0.1, affine=True, track_running_stats=True)
              (activate): ReLU(inplace=True)
            )
            (1): Conv2d(64, 3, kernel_size=(3, 3), stride=(1, 1), padding=(1, 1))
          )
          (rot): Sequential(
            (0): ConvModule(
              (conv): Conv2d(64, 64, kernel_size=(3, 3), stride=(1, 1), padding=(1, 1), bias=False)
              (bn): BatchNorm2d(64, eps=1e-05, momentum=0.1, affine=True, track_running_stats=True)
              (activate): ReLU(inplace=True)
            )
            (1): Conv2d(64, 2, kernel_size=(3, 3), stride=(1, 1), padding=(1, 1))
          )
          (vel): Sequential(
            (0): ConvModule(
              (conv): Conv2d(64, 64, kernel_size=(3, 3), stride=(1, 1), padding=(1, 1), bias=False)
              (bn): BatchNorm2d(64, eps=1e-05, momentum=0.1, affine=True, track_running_stats=True)
              (activate): ReLU(inplace=True)
            )
            (1): Conv2d(64, 2, kernel_size=(3, 3), stride=(1, 1), padding=(1, 1))
          )
          (heatmap): Sequential(
            (0): ConvModule(
              (conv): Conv2d(64, 64, kernel_size=(3, 3), stride=(1, 1), padding=(1, 1), bias=False)
              (bn): BatchNorm2d(64, eps=1e-05, momentum=0.1, affine=True, track_running_stats=True)
              (activate): ReLU(inplace=True)
            )
            (1): Conv2d(64, 1, kernel_size=(3, 3), stride=(1, 1), padding=(1, 1))
          )
        )
        init_cfg={'type': 'Kaiming', 'layer': 'Conv2d'}
        (4): SeparateHead(
          (reg): Sequential(
            (0): ConvModule(
              (conv): Conv2d(64, 64, kernel_size=(3, 3), stride=(1, 1), padding=(1, 1), bias=False)
              (bn): BatchNorm2d(64, eps=1e-05, momentum=0.1, affine=True, track_running_stats=True)
              (activate): ReLU(inplace=True)
            )
            (1): Conv2d(64, 2, kernel_size=(3, 3), stride=(1, 1), padding=(1, 1))
          )
          (height): Sequential(
            (0): ConvModule(
              (conv): Conv2d(64, 64, kernel_size=(3, 3), stride=(1, 1), padding=(1, 1), bias=False)
              (bn): BatchNorm2d(64, eps=1e-05, momentum=0.1, affine=True, track_running_stats=True)
              (activate): ReLU(inplace=True)
            )
            (1): Conv2d(64, 1, kernel_size=(3, 3), stride=(1, 1), padding=(1, 1))
          )
          (dim): Sequential(
            (0): ConvModule(
              (conv): Conv2d(64, 64, kernel_size=(3, 3), stride=(1, 1), padding=(1, 1), bias=False)
              (bn): BatchNorm2d(64, eps=1e-05, momentum=0.1, affine=True, track_running_stats=True)
              (activate): ReLU(inplace=True)
            )
            (1): Conv2d(64, 3, kernel_size=(3, 3), stride=(1, 1), padding=(1, 1))
          )
          (rot): Sequential(
            (0): ConvModule(
              (conv): Conv2d(64, 64, kernel_size=(3, 3), stride=(1, 1), padding=(1, 1), bias=False)
              (bn): BatchNorm2d(64, eps=1e-05, momentum=0.1, affine=True, track_running_stats=True)
              (activate): ReLU(inplace=True)
            )
            (1): Conv2d(64, 2, kernel_size=(3, 3), stride=(1, 1), padding=(1, 1))
          )
          (vel): Sequential(
            (0): ConvModule(
              (conv): Conv2d(64, 64, kernel_size=(3, 3), stride=(1, 1), padding=(1, 1), bias=False)
              (bn): BatchNorm2d(64, eps=1e-05, momentum=0.1, affine=True, track_running_stats=True)
              (activate): ReLU(inplace=True)
            )
            (1): Conv2d(64, 2, kernel_size=(3, 3), stride=(1, 1), padding=(1, 1))
          )
          (heatmap): Sequential(
            (0): ConvModule(
              (conv): Conv2d(64, 64, kernel_size=(3, 3), stride=(1, 1), padding=(1, 1), bias=False)
              (bn): BatchNorm2d(64, eps=1e-05, momentum=0.1, affine=True, track_running_stats=True)
              (activate): ReLU(inplace=True)
            )
            (1): Conv2d(64, 2, kernel_size=(3, 3), stride=(1, 1), padding=(1, 1))
          )
        )
        init_cfg={'type': 'Kaiming', 'layer': 'Conv2d'}
        (5): SeparateHead(
          (reg): Sequential(
            (0): ConvModule(
              (conv): Conv2d(64, 64, kernel_size=(3, 3), stride=(1, 1), padding=(1, 1), bias=False)
              (bn): BatchNorm2d(64, eps=1e-05, momentum=0.1, affine=True, track_running_stats=True)
              (activate): ReLU(inplace=True)
            )
            (1): Conv2d(64, 2, kernel_size=(3, 3), stride=(1, 1), padding=(1, 1))
          )
          (height): Sequential(
            (0): ConvModule(
              (conv): Conv2d(64, 64, kernel_size=(3, 3), stride=(1, 1), padding=(1, 1), bias=False)
              (bn): BatchNorm2d(64, eps=1e-05, momentum=0.1, affine=True, track_running_stats=True)
              (activate): ReLU(inplace=True)
            )
            (1): Conv2d(64, 1, kernel_size=(3, 3), stride=(1, 1), padding=(1, 1))
          )
          (dim): Sequential(
            (0): ConvModule(
              (conv): Conv2d(64, 64, kernel_size=(3, 3), stride=(1, 1), padding=(1, 1), bias=False)
              (bn): BatchNorm2d(64, eps=1e-05, momentum=0.1, affine=True, track_running_stats=True)
              (activate): ReLU(inplace=True)
            )
            (1): Conv2d(64, 3, kernel_size=(3, 3), stride=(1, 1), padding=(1, 1))
          )
          (rot): Sequential(
            (0): ConvModule(
              (conv): Conv2d(64, 64, kernel_size=(3, 3), stride=(1, 1), padding=(1, 1), bias=False)
              (bn): BatchNorm2d(64, eps=1e-05, momentum=0.1, affine=True, track_running_stats=True)
              (activate): ReLU(inplace=True)
            )
            (1): Conv2d(64, 2, kernel_size=(3, 3), stride=(1, 1), padding=(1, 1))
          )
          (vel): Sequential(
            (0): ConvModule(
              (conv): Conv2d(64, 64, kernel_size=(3, 3), stride=(1, 1), padding=(1, 1), bias=False)
              (bn): BatchNorm2d(64, eps=1e-05, momentum=0.1, affine=True, track_running_stats=True)
              (activate): ReLU(inplace=True)
            )
            (1): Conv2d(64, 2, kernel_size=(3, 3), stride=(1, 1), padding=(1, 1))
          )
          (heatmap): Sequential(
            (0): ConvModule(
              (conv): Conv2d(64, 64, kernel_size=(3, 3), stride=(1, 1), padding=(1, 1), bias=False)
              (bn): BatchNorm2d(64, eps=1e-05, momentum=0.1, affine=True, track_running_stats=True)
              (activate): ReLU(inplace=True)
            )
            (1): Conv2d(64, 2, kernel_size=(3, 3), stride=(1, 1), padding=(1, 1))
          )
        )
        init_cfg={'type': 'Kaiming', 'layer': 'Conv2d'}
      )
    )
  )
)
2023-09-25 09:43:50,169 - mmdet3d - INFO - Start running, host: lin@PC, work_dir: /home/lin/test/bevfusion/train_result
2023-09-25 09:43:50,169 - mmdet3d - INFO - Hooks will be executed in the following order:
before_run:
(VERY_HIGH   ) CyclicLrUpdaterHook                
(HIGH        ) CyclicMomentumUpdaterHook          
(ABOVE_NORMAL) Fp16OptimizerHook                  
(NORMAL      ) CheckpointHook                     
(NORMAL      ) DistEvalHook                       
(VERY_LOW    ) TextLoggerHook                     
(VERY_LOW    ) TensorboardLoggerHook              
 -------------------- 
before_train_epoch:
(VERY_HIGH   ) CyclicLrUpdaterHook                
(HIGH        ) CyclicMomentumUpdaterHook          
(NORMAL      ) DistSamplerSeedHook                
(NORMAL      ) DistEvalHook                       
(LOW         ) IterTimerHook                      
(VERY_LOW    ) TextLoggerHook                     
(VERY_LOW    ) TensorboardLoggerHook              
 -------------------- 
before_train_iter:
(VERY_HIGH   ) CyclicLrUpdaterHook                
(HIGH        ) CyclicMomentumUpdaterHook          
(NORMAL      ) DistEvalHook                       
(LOW         ) IterTimerHook                      
 -------------------- 
after_train_iter:
(ABOVE_NORMAL) Fp16OptimizerHook                  
(NORMAL      ) CheckpointHook                     
(NORMAL      ) DistEvalHook                       
(LOW         ) IterTimerHook                      
(VERY_LOW    ) TextLoggerHook                     
(VERY_LOW    ) TensorboardLoggerHook              
 -------------------- 
after_train_epoch:
(NORMAL      ) CheckpointHook                     
(NORMAL      ) DistEvalHook                       
(VERY_LOW    ) TextLoggerHook                     
(VERY_LOW    ) TensorboardLoggerHook              
 -------------------- 
before_val_epoch:
(NORMAL      ) DistSamplerSeedHook                
(LOW         ) IterTimerHook                      
(VERY_LOW    ) TextLoggerHook                     
(VERY_LOW    ) TensorboardLoggerHook              
 -------------------- 
before_val_iter:
(LOW         ) IterTimerHook                      
 -------------------- 
after_val_iter:
(LOW         ) IterTimerHook                      
 -------------------- 
after_val_epoch:
(VERY_LOW    ) TextLoggerHook                     
(VERY_LOW    ) TensorboardLoggerHook              
 -------------------- 
after_run:
(VERY_LOW    ) TextLoggerHook                     
(VERY_LOW    ) TensorboardLoggerHook              
 -------------------- 
2023-09-25 09:43:50,169 - mmdet3d - INFO - workflow: [('train', 1)], max: 2 epochs
2023-09-25 09:43:50,170 - mmdet3d - INFO - Checkpoints will be saved to /home/lin/test/bevfusion/train_result by HardDiskBackend.
